0 info it worked if it ends with ok
1 verbose cli [ 'C:\\Program Files\\nodejs\\node.exe',
1 verbose cli   'C:\\Program Files\\nodejs\\node_modules\\npm\\bin\\npm-cli.js',
1 verbose cli   'install',
1 verbose cli   '--save',
1 verbose cli   'jquery' ]
2 info using npm@3.10.3
3 info using node@v6.6.0
4 silly loadCurrentTree Starting
5 silly install loadCurrentTree
6 silly install readLocalPackageData
7 silly fetchPackageMetaData jquery@^3.3.1
8 silly fetchNamedPackageData jquery
9 silly mapToRegistry name jquery
10 silly mapToRegistry using default registry
11 silly mapToRegistry registry https://registry.npmjs.org/
12 silly mapToRegistry data Result {
12 silly mapToRegistry   raw: 'jquery',
12 silly mapToRegistry   scope: null,
12 silly mapToRegistry   escapedName: 'jquery',
12 silly mapToRegistry   name: 'jquery',
12 silly mapToRegistry   rawSpec: '',
12 silly mapToRegistry   spec: 'latest',
12 silly mapToRegistry   type: 'tag' }
13 silly mapToRegistry uri https://registry.npmjs.org/jquery
14 verbose request uri https://registry.npmjs.org/jquery
15 verbose request no auth needed
16 info attempt registry request try #1 at 09:25:02
17 verbose request id 167958c30f9bfbe7
18 verbose etag "5a67559d-17d0b"
19 verbose lastModified Tue, 23 Jan 2018 15:32:45 GMT
20 http request GET https://registry.npmjs.org/jquery
21 http 304 https://registry.npmjs.org/jquery
22 verbose headers { date: 'Fri, 26 Jan 2018 08:25:03 GMT',
22 verbose headers   via: '1.1 varnish',
22 verbose headers   'cache-control': 'max-age=300',
22 verbose headers   etag: '"5a67559d-17d0b"',
22 verbose headers   age: '1009',
22 verbose headers   connection: 'keep-alive',
22 verbose headers   'x-served-by': 'cache-ams4451-AMS',
22 verbose headers   'x-cache': 'HIT',
22 verbose headers   'x-cache-hits': '1',
22 verbose headers   'x-timer': 'S1516955103.360257,VS0,VE1',
22 verbose headers   vary: 'Accept-Encoding, Accept' }
23 silly get cb [ 304,
23 silly get   { date: 'Fri, 26 Jan 2018 08:25:03 GMT',
23 silly get     via: '1.1 varnish',
23 silly get     'cache-control': 'max-age=300',
23 silly get     etag: '"5a67559d-17d0b"',
23 silly get     age: '1009',
23 silly get     connection: 'keep-alive',
23 silly get     'x-served-by': 'cache-ams4451-AMS',
23 silly get     'x-cache': 'HIT',
23 silly get     'x-cache-hits': '1',
23 silly get     'x-timer': 'S1516955103.360257,VS0,VE1',
23 silly get     vary: 'Accept-Encoding, Accept' } ]
24 verbose etag https://registry.npmjs.org/jquery from cache
25 verbose get saving jquery to C:\Users\pahlk\AppData\Roaming\npm-cache\registry.npmjs.org\jquery\.cache.json
26 verbose correctMkdir C:\Users\pahlk\AppData\Roaming\npm-cache correctMkdir not in flight; initializing
27 silly install normalizeTree
28 silly loadCurrentTree Finishing
29 silly loadIdealTree Starting
30 silly install loadIdealTree
31 silly cloneCurrentTree Starting
32 silly install cloneCurrentTreeToIdealTree
33 silly cloneCurrentTree Finishing
34 silly loadShrinkwrap Starting
35 silly install loadShrinkwrap
36 silly loadShrinkwrap Finishing
37 silly loadAllDepsIntoIdealTree Starting
38 silly install loadAllDepsIntoIdealTree
39 silly resolveWithNewModule jquery@3.3.1 checking installable status
40 silly cache add args [ 'jquery@^3.3.1', null ]
41 verbose cache add spec jquery@^3.3.1
42 silly cache add parsed spec Result {
42 silly cache add   raw: 'jquery@^3.3.1',
42 silly cache add   scope: null,
42 silly cache add   escapedName: 'jquery',
42 silly cache add   name: 'jquery',
42 silly cache add   rawSpec: '^3.3.1',
42 silly cache add   spec: '>=3.3.1 <4.0.0',
42 silly cache add   type: 'range' }
43 silly addNamed jquery@>=3.3.1 <4.0.0
44 verbose addNamed ">=3.3.1 <4.0.0" is a valid semver range for jquery
45 silly addNameRange { name: 'jquery', range: '>=3.3.1 <4.0.0', hasData: false }
46 silly mapToRegistry name jquery
47 silly mapToRegistry using default registry
48 silly mapToRegistry registry https://registry.npmjs.org/
49 silly mapToRegistry data Result {
49 silly mapToRegistry   raw: 'jquery',
49 silly mapToRegistry   scope: null,
49 silly mapToRegistry   escapedName: 'jquery',
49 silly mapToRegistry   name: 'jquery',
49 silly mapToRegistry   rawSpec: '',
49 silly mapToRegistry   spec: 'latest',
49 silly mapToRegistry   type: 'tag' }
50 silly mapToRegistry uri https://registry.npmjs.org/jquery
51 verbose addNameRange registry:https://registry.npmjs.org/jquery not in flight; fetching
52 verbose get https://registry.npmjs.org/jquery not expired, no request
53 silly addNameRange number 2 { name: 'jquery', range: '>=3.3.1 <4.0.0', hasData: true }
54 silly addNameRange versions [ 'jquery',
54 silly addNameRange   [ '1.5.1',
54 silly addNameRange     '1.6.2',
54 silly addNameRange     '1.6.3',
54 silly addNameRange     '1.7.2',
54 silly addNameRange     '1.7.3',
54 silly addNameRange     '1.8.2',
54 silly addNameRange     '1.8.3',
54 silly addNameRange     '2.1.0-beta2',
54 silly addNameRange     '2.1.0-beta3',
54 silly addNameRange     '1.11.0-beta3',
54 silly addNameRange     '1.11.0-rc1',
54 silly addNameRange     '2.1.0-rc1',
54 silly addNameRange     '1.11.0',
54 silly addNameRange     '2.1.0',
54 silly addNameRange     '2.1.1-beta1',
54 silly addNameRange     '1.11.1-beta1',
54 silly addNameRange     '2.1.1-rc1',
54 silly addNameRange     '1.11.1-rc1',
54 silly addNameRange     '2.1.1-rc2',
54 silly addNameRange     '1.11.1-rc2',
54 silly addNameRange     '2.1.1',
54 silly addNameRange     '1.11.1',
54 silly addNameRange     '1.9.1',
54 silly addNameRange     '2.1.2',
54 silly addNameRange     '1.11.2',
54 silly addNameRange     '2.1.3',
54 silly addNameRange     '2.1.4',
54 silly addNameRange     '1.11.3',
54 silly addNameRange     '3.0.0-alpha1',
54 silly addNameRange     '1.12.0',
54 silly addNameRange     '2.2.0',
54 silly addNameRange     '3.0.0-beta1',
54 silly addNameRange     '1.12.1',
54 silly addNameRange     '2.2.1',
54 silly addNameRange     '1.12.2',
54 silly addNameRange     '2.2.2',
54 silly addNameRange     '1.12.3',
54 silly addNameRange     '2.2.3',
54 silly addNameRange     '1.12.4',
54 silly addNameRange     '2.2.4',
54 silly addNameRange     '3.0.0-rc1',
54 silly addNameRange     '3.0.0',
54 silly addNameRange     '3.1.0',
54 silly addNameRange     '3.1.1',
54 silly addNameRange     '3.2.0',
54 silly addNameRange     '3.2.1',
54 silly addNameRange     '3.3.0',
54 silly addNameRange     '3.3.1' ] ]
55 silly addNamed jquery@3.3.1
56 verbose addNamed "3.3.1" is a plain semver version for jquery
57 silly cache afterAdd jquery@3.3.1
58 verbose afterAdd C:\Users\pahlk\AppData\Roaming\npm-cache\jquery\3.3.1\package\package.json not in flight; writing
59 verbose correctMkdir C:\Users\pahlk\AppData\Roaming\npm-cache correctMkdir not in flight; initializing
60 verbose afterAdd C:\Users\pahlk\AppData\Roaming\npm-cache\jquery\3.3.1\package\package.json written
61 silly fetchNamedPackageData fsevents
62 silly mapToRegistry name fsevents
63 silly mapToRegistry using default registry
64 silly mapToRegistry registry https://registry.npmjs.org/
65 silly mapToRegistry data Result {
65 silly mapToRegistry   raw: 'fsevents',
65 silly mapToRegistry   scope: null,
65 silly mapToRegistry   escapedName: 'fsevents',
65 silly mapToRegistry   name: 'fsevents',
65 silly mapToRegistry   rawSpec: '',
65 silly mapToRegistry   spec: 'latest',
65 silly mapToRegistry   type: 'tag' }
66 silly mapToRegistry uri https://registry.npmjs.org/fsevents
67 verbose request uri https://registry.npmjs.org/fsevents
68 verbose request no auth needed
69 info attempt registry request try #1 at 09:25:03
70 verbose etag "5a1e8efd-e513"
71 verbose lastModified Wed, 29 Nov 2017 10:42:05 GMT
72 http request GET https://registry.npmjs.org/fsevents
73 http 304 https://registry.npmjs.org/fsevents
74 verbose headers { date: 'Fri, 26 Jan 2018 08:25:04 GMT',
74 verbose headers   via: '1.1 varnish',
74 verbose headers   'cache-control': 'max-age=300',
74 verbose headers   etag: '"5a1e8efd-e513"',
74 verbose headers   age: '770',
74 verbose headers   connection: 'keep-alive',
74 verbose headers   'x-served-by': 'cache-ams4451-AMS',
74 verbose headers   'x-cache': 'HIT',
74 verbose headers   'x-cache-hits': '19',
74 verbose headers   'x-timer': 'S1516955104.101979,VS0,VE0',
74 verbose headers   vary: 'Accept-Encoding, Accept' }
75 silly get cb [ 304,
75 silly get   { date: 'Fri, 26 Jan 2018 08:25:04 GMT',
75 silly get     via: '1.1 varnish',
75 silly get     'cache-control': 'max-age=300',
75 silly get     etag: '"5a1e8efd-e513"',
75 silly get     age: '770',
75 silly get     connection: 'keep-alive',
75 silly get     'x-served-by': 'cache-ams4451-AMS',
75 silly get     'x-cache': 'HIT',
75 silly get     'x-cache-hits': '19',
75 silly get     'x-timer': 'S1516955104.101979,VS0,VE0',
75 silly get     vary: 'Accept-Encoding, Accept' } ]
76 verbose etag https://registry.npmjs.org/fsevents from cache
77 verbose get saving fsevents to C:\Users\pahlk\AppData\Roaming\npm-cache\registry.npmjs.org\fsevents\.cache.json
78 verbose correctMkdir C:\Users\pahlk\AppData\Roaming\npm-cache correctMkdir not in flight; initializing
79 silly resolveWithNewModule fsevents@1.1.3 checking installable status
80 silly loadAllDepsIntoIdealTree Finishing
81 silly loadIdealTree Finishing
82 silly currentTree hotel-website@1.0.0
82 silly currentTree +-- @browserify/acorn5-object-spread@5.0.1
82 silly currentTree | `-- acorn@5.3.0
82 silly currentTree +-- abbrev@1.1.1
82 silly currentTree +-- acorn@4.0.13
82 silly currentTree +-- amdefine@1.0.1
82 silly currentTree +-- ansi-regex@0.2.1
82 silly currentTree +-- ansi-styles@1.1.0
82 silly currentTree +-- anymatch@1.3.2
82 silly currentTree +-- aproba@1.2.0
82 silly currentTree +-- are-we-there-yet@1.1.4
82 silly currentTree +-- arr-diff@2.0.0
82 silly currentTree +-- arr-flatten@1.1.0
82 silly currentTree +-- array-filter@0.0.1
82 silly currentTree +-- array-find-index@1.0.2
82 silly currentTree +-- array-map@0.0.0
82 silly currentTree +-- array-reduce@0.0.0
82 silly currentTree +-- array-unique@0.2.1
82 silly currentTree +-- asn1.js@4.9.2
82 silly currentTree +-- asn1@0.2.3
82 silly currentTree +-- assert-plus@0.2.0
82 silly currentTree +-- assert@1.4.1
82 silly currentTree +-- astw@2.2.0
82 silly currentTree +-- async-each@1.0.1
82 silly currentTree +-- async-foreach@0.1.3
82 silly currentTree +-- asynckit@0.4.0
82 silly currentTree +-- aws-sign2@0.6.0
82 silly currentTree +-- aws4@1.6.0
82 silly currentTree +-- balanced-match@1.0.0
82 silly currentTree +-- base64-js@1.2.1
82 silly currentTree +-- bcrypt-pbkdf@1.0.1
82 silly currentTree +-- binary-extensions@1.11.0
82 silly currentTree +-- block-stream@0.0.9
82 silly currentTree +-- bn.js@4.11.8
82 silly currentTree +-- boom@2.10.1
82 silly currentTree +-- brace-expansion@1.1.8
82 silly currentTree +-- braces@1.8.5
82 silly currentTree +-- brorand@1.1.0
82 silly currentTree +-- browser-pack@6.0.3
82 silly currentTree +-- browser-resolve@1.11.2
82 silly currentTree | `-- resolve@1.1.7
82 silly currentTree +-- browser-stdout@1.3.0
82 silly currentTree +-- browserify-aes@1.1.1
82 silly currentTree +-- browserify-cipher@1.0.0
82 silly currentTree +-- browserify-des@1.0.0
82 silly currentTree +-- browserify-rsa@4.0.1
82 silly currentTree +-- browserify-sign@4.0.4
82 silly currentTree +-- browserify-zlib@0.2.0
82 silly currentTree +-- browserify@15.2.0
82 silly currentTree | `-- string_decoder@1.0.3
82 silly currentTree +-- buffer-xor@1.0.3
82 silly currentTree +-- buffer@5.0.8
82 silly currentTree +-- builtin-modules@1.1.1
82 silly currentTree +-- builtin-status-codes@3.0.0
82 silly currentTree +-- cached-path-relative@1.0.1
82 silly currentTree +-- camelcase-keys@2.1.0
82 silly currentTree | `-- camelcase@2.1.1
82 silly currentTree +-- caseless@0.11.0
82 silly currentTree +-- chalk@0.5.1
82 silly currentTree | +-- has-ansi@0.1.0
82 silly currentTree | `-- supports-color@0.2.0
82 silly currentTree +-- chokidar@1.7.0
82 silly currentTree +-- cipher-base@1.0.4
82 silly currentTree +-- cli@1.0.1
82 silly currentTree +-- code-point-at@1.1.0
82 silly currentTree +-- combine-source-map@0.8.0
82 silly currentTree +-- combined-stream@1.0.5
82 silly currentTree +-- commander@2.13.0
82 silly currentTree +-- compass@0.1.1
82 silly currentTree +-- concat-map@0.0.1
82 silly currentTree +-- concat-stream@1.5.2
82 silly currentTree | `-- readable-stream@2.0.6
82 silly currentTree +-- concurrently@3.5.1
82 silly currentTree | `-- commander@2.6.0
82 silly currentTree +-- console-browserify@1.1.0
82 silly currentTree +-- console-control-strings@1.1.0
82 silly currentTree +-- constants-browserify@1.0.0
82 silly currentTree +-- convert-source-map@1.1.3
82 silly currentTree +-- core-util-is@1.0.2
82 silly currentTree +-- create-ecdh@4.0.0
82 silly currentTree +-- create-hash@1.1.3
82 silly currentTree +-- create-hmac@1.1.6
82 silly currentTree +-- cryptiles@2.0.5
82 silly currentTree +-- crypto-browserify@3.12.0
82 silly currentTree +-- currently-unhandled@0.4.1
82 silly currentTree +-- dashdash@1.14.1
82 silly currentTree | `-- assert-plus@1.0.0
82 silly currentTree +-- date-fns@1.29.0
82 silly currentTree +-- date-now@0.1.4
82 silly currentTree +-- debug@3.1.0
82 silly currentTree +-- decamelize@1.2.0
82 silly currentTree +-- defined@1.0.0
82 silly currentTree +-- delayed-stream@1.0.0
82 silly currentTree +-- delegates@1.0.0
82 silly currentTree +-- deps-sort@2.0.0
82 silly currentTree +-- des.js@1.0.0
82 silly currentTree +-- detective@5.0.2
82 silly currentTree | `-- acorn@5.3.0
82 silly currentTree +-- diff@3.3.1
82 silly currentTree +-- diffie-hellman@5.0.2
82 silly currentTree +-- dom-serializer@0.1.0
82 silly currentTree | +-- domelementtype@1.1.3
82 silly currentTree | `-- entities@1.1.1
82 silly currentTree +-- domain-browser@1.1.7
82 silly currentTree +-- domelementtype@1.3.0
82 silly currentTree +-- domhandler@2.3.0
82 silly currentTree +-- domutils@1.5.1
82 silly currentTree +-- duplexer2@0.1.4
82 silly currentTree +-- ecc-jsbn@0.1.1
82 silly currentTree +-- elliptic@6.4.0
82 silly currentTree +-- entities@1.0.0
82 silly currentTree +-- error-ex@1.3.1
82 silly currentTree +-- escape-string-regexp@1.0.5
82 silly currentTree +-- events@1.1.1
82 silly currentTree +-- evp_bytestokey@1.0.3
82 silly currentTree +-- exit@0.1.2
82 silly currentTree +-- expand-brackets@0.1.5
82 silly currentTree +-- expand-range@1.8.2
82 silly currentTree +-- extend@3.0.1
82 silly currentTree +-- extglob@0.3.2
82 silly currentTree +-- extsprintf@1.3.0
82 silly currentTree +-- filename-regex@2.0.1
82 silly currentTree +-- fill-range@2.2.3
82 silly currentTree +-- find-up@1.1.2
82 silly currentTree +-- for-in@1.0.2
82 silly currentTree +-- for-own@0.1.5
82 silly currentTree +-- forever-agent@0.6.1
82 silly currentTree +-- form-data@2.1.4
82 silly currentTree +-- fs.realpath@1.0.0
82 silly currentTree +-- fstream@1.0.11
82 silly currentTree | +-- minimist@0.0.8
82 silly currentTree | `-- mkdirp@0.5.1
82 silly currentTree +-- function-bind@1.1.1
82 silly currentTree +-- gauge@2.7.4
82 silly currentTree | +-- ansi-regex@2.1.1
82 silly currentTree | +-- is-fullwidth-code-point@1.0.0
82 silly currentTree | +-- string-width@1.0.2
82 silly currentTree | `-- strip-ansi@3.0.1
82 silly currentTree +-- gaze@1.1.2
82 silly currentTree +-- generate-function@2.0.0
82 silly currentTree +-- generate-object-property@1.2.0
82 silly currentTree +-- get-caller-file@1.0.2
82 silly currentTree +-- get-stdin@4.0.1
82 silly currentTree +-- getpass@0.1.7
82 silly currentTree | `-- assert-plus@1.0.0
82 silly currentTree +-- glob-base@0.3.0
82 silly currentTree +-- glob-parent@2.0.0
82 silly currentTree +-- glob@7.1.2
82 silly currentTree +-- globule@1.2.0
82 silly currentTree | `-- lodash@4.17.4
82 silly currentTree +-- graceful-fs@4.1.11
82 silly currentTree +-- growl@1.10.3
82 silly currentTree +-- har-validator@2.0.6
82 silly currentTree | +-- ansi-regex@2.1.1
82 silly currentTree | +-- ansi-styles@2.2.1
82 silly currentTree | +-- chalk@1.1.3
82 silly currentTree | +-- strip-ansi@3.0.1
82 silly currentTree | `-- supports-color@2.0.0
82 silly currentTree +-- has-ansi@2.0.0
82 silly currentTree | `-- ansi-regex@2.1.1
82 silly currentTree +-- has-flag@1.0.0
82 silly currentTree +-- has-unicode@2.0.1
82 silly currentTree +-- has@1.0.1
82 silly currentTree +-- hash-base@2.0.2
82 silly currentTree +-- hash.js@1.1.3
82 silly currentTree +-- hawk@3.1.3
82 silly currentTree +-- he@1.1.1
82 silly currentTree +-- hmac-drbg@1.0.1
82 silly currentTree +-- hoek@2.16.3
82 silly currentTree +-- hosted-git-info@2.5.0
82 silly currentTree +-- htmlescape@1.1.1
82 silly currentTree +-- htmlparser2@3.8.3
82 silly currentTree | +-- isarray@0.0.1
82 silly currentTree | `-- readable-stream@1.1.14
82 silly currentTree +-- http-signature@1.1.1
82 silly currentTree +-- https-browserify@1.0.0
82 silly currentTree +-- ieee754@1.1.8
82 silly currentTree +-- in-publish@2.0.0
82 silly currentTree +-- indent-string@2.1.0
82 silly currentTree +-- indexof@0.0.1
82 silly currentTree +-- inflight@1.0.6
82 silly currentTree +-- inherits@2.0.3
82 silly currentTree +-- inline-source-map@0.6.2
82 silly currentTree +-- insert-module-globals@7.0.1
82 silly currentTree | `-- combine-source-map@0.7.2
82 silly currentTree +-- invert-kv@1.0.0
82 silly currentTree +-- is-arrayish@0.2.1
82 silly currentTree +-- is-binary-path@1.0.1
82 silly currentTree +-- is-buffer@1.1.6
82 silly currentTree +-- is-builtin-module@1.0.0
82 silly currentTree +-- is-dotfile@1.0.3
82 silly currentTree +-- is-equal-shallow@0.1.3
82 silly currentTree +-- is-extendable@0.1.1
82 silly currentTree +-- is-extglob@1.0.0
82 silly currentTree +-- is-finite@1.0.2
82 silly currentTree +-- is-glob@2.0.1
82 silly currentTree +-- is-my-json-valid@2.17.1
82 silly currentTree +-- is-number@2.1.0
82 silly currentTree +-- is-posix-bracket@0.1.1
82 silly currentTree +-- is-primitive@2.0.0
82 silly currentTree +-- is-property@1.0.2
82 silly currentTree +-- is-typedarray@1.0.0
82 silly currentTree +-- is-utf8@0.2.1
82 silly currentTree +-- isarray@1.0.0
82 silly currentTree +-- isexe@2.0.0
82 silly currentTree +-- isobject@2.1.0
82 silly currentTree +-- isstream@0.1.2
82 silly currentTree +-- jquery@3.3.1
82 silly currentTree +-- js-base64@2.4.2
82 silly currentTree +-- jsbn@0.1.1
82 silly currentTree +-- jshint@2.9.5
82 silly currentTree | `-- lodash@3.7.0
82 silly currentTree +-- json-schema@0.2.3
82 silly currentTree +-- json-stable-stringify@0.0.1
82 silly currentTree +-- json-stringify-safe@5.0.1
82 silly currentTree +-- jsonify@0.0.0
82 silly currentTree +-- jsonparse@1.3.1
82 silly currentTree +-- jsonpointer@4.0.1
82 silly currentTree +-- JSONStream@1.3.2
82 silly currentTree +-- jsprim@1.4.1
82 silly currentTree | `-- assert-plus@1.0.0
82 silly currentTree +-- kind-of@3.2.2
82 silly currentTree +-- labeled-stream-splicer@2.0.0
82 silly currentTree | `-- isarray@0.0.1
82 silly currentTree +-- lcid@1.0.0
82 silly currentTree +-- lexical-scope@1.2.0
82 silly currentTree +-- load-json-file@1.1.0
82 silly currentTree | `-- pify@2.3.0
82 silly currentTree +-- lodash.clonedeep@4.5.0
82 silly currentTree +-- lodash.memoize@3.0.4
82 silly currentTree +-- lodash.mergewith@4.6.0
82 silly currentTree +-- lodash@4.17.4
82 silly currentTree +-- loud-rejection@1.6.0
82 silly currentTree +-- lru-cache@4.1.1
82 silly currentTree +-- map-obj@1.0.1
82 silly currentTree +-- md5.js@1.3.4
82 silly currentTree | `-- hash-base@3.0.4
82 silly currentTree +-- meow@3.7.0
82 silly currentTree +-- micromatch@2.3.11
82 silly currentTree +-- miller-rabin@4.0.1
82 silly currentTree +-- mime-db@1.30.0
82 silly currentTree +-- mime-types@2.1.17
82 silly currentTree +-- minimalistic-assert@1.0.0
82 silly currentTree +-- minimalistic-crypto-utils@1.0.1
82 silly currentTree +-- minimatch@3.0.4
82 silly currentTree +-- minimist@1.2.0
82 silly currentTree +-- mkdirp@0.5.1
82 silly currentTree | `-- minimist@0.0.8
82 silly currentTree +-- mocha@5.0.0
82 silly currentTree | +-- commander@2.11.0
82 silly currentTree | +-- has-flag@2.0.0
82 silly currentTree | `-- supports-color@4.4.0
82 silly currentTree +-- module-deps@5.0.1
82 silly currentTree | `-- concat-stream@1.6.0
82 silly currentTree +-- ms@2.0.0
82 silly currentTree +-- nan@2.8.0
82 silly currentTree +-- node-gyp@3.6.2
82 silly currentTree | +-- minimist@0.0.8
82 silly currentTree | +-- mkdirp@0.5.1
82 silly currentTree | +-- nopt@3.0.6
82 silly currentTree | `-- semver@5.3.0
82 silly currentTree +-- node-sass@4.7.2
82 silly currentTree | +-- ansi-regex@2.1.1
82 silly currentTree | +-- ansi-styles@2.2.1
82 silly currentTree | +-- chalk@1.1.3
82 silly currentTree | +-- cross-spawn@3.0.1
82 silly currentTree | +-- lodash.assign@4.2.0
82 silly currentTree | +-- minimist@0.0.8
82 silly currentTree | +-- mkdirp@0.5.1
82 silly currentTree | +-- strip-ansi@3.0.1
82 silly currentTree | `-- supports-color@2.0.0
82 silly currentTree +-- normalize-package-data@2.4.0
82 silly currentTree +-- normalize-path@2.1.1
82 silly currentTree +-- normalize-scss@7.0.0
82 silly currentTree +-- npmlog@4.1.2
82 silly currentTree +-- number-is-nan@1.0.1
82 silly currentTree +-- oauth-sign@0.8.2
82 silly currentTree +-- object-assign@4.1.1
82 silly currentTree +-- object.omit@2.0.1
82 silly currentTree +-- once@1.4.0
82 silly currentTree +-- os-browserify@0.3.0
82 silly currentTree +-- os-homedir@1.0.2
82 silly currentTree +-- os-locale@1.4.0
82 silly currentTree +-- os-tmpdir@1.0.2
82 silly currentTree +-- osenv@0.1.4
82 silly currentTree +-- outpipe@1.1.1
82 silly currentTree +-- pako@1.0.6
82 silly currentTree +-- parents@1.0.1
82 silly currentTree +-- parse-asn1@5.1.0
82 silly currentTree +-- parse-glob@3.0.4
82 silly currentTree +-- parse-json@2.2.0
82 silly currentTree +-- path-browserify@0.0.0
82 silly currentTree +-- path-exists@2.1.0
82 silly currentTree +-- path-is-absolute@1.0.1
82 silly currentTree +-- path-parse@1.0.5
82 silly currentTree +-- path-platform@0.11.15
82 silly currentTree +-- path-type@1.1.0
82 silly currentTree | `-- pify@2.3.0
82 silly currentTree +-- pbkdf2@3.0.14
82 silly currentTree +-- pinkie-promise@2.0.1
82 silly currentTree +-- pinkie@2.0.4
82 silly currentTree +-- preserve@0.2.0
82 silly currentTree +-- process-nextick-args@1.0.7
82 silly currentTree +-- process@0.11.10
82 silly currentTree +-- pseudomap@1.0.2
82 silly currentTree +-- public-encrypt@4.0.0
82 silly currentTree +-- punycode@1.4.1
82 silly currentTree +-- querystring-es3@0.2.1
82 silly currentTree +-- querystring@0.2.0
82 silly currentTree +-- randomatic@1.1.7
82 silly currentTree | +-- is-number@3.0.0
82 silly currentTree | | `-- kind-of@3.2.2
82 silly currentTree | `-- kind-of@4.0.0
82 silly currentTree +-- randombytes@2.0.6
82 silly currentTree +-- randomfill@1.0.3
82 silly currentTree +-- read-only-stream@2.0.0
82 silly currentTree +-- read-pkg-up@1.0.1
82 silly currentTree +-- read-pkg@1.1.0
82 silly currentTree +-- readable-stream@2.3.3
82 silly currentTree | `-- string_decoder@1.0.3
82 silly currentTree +-- readdirp@2.1.0
82 silly currentTree +-- redent@1.0.0
82 silly currentTree +-- regex-cache@0.4.4
82 silly currentTree +-- remove-trailing-separator@1.1.0
82 silly currentTree +-- repeat-element@1.1.2
82 silly currentTree +-- repeat-string@1.6.1
82 silly currentTree +-- repeating@2.0.1
82 silly currentTree +-- request@2.79.0
82 silly currentTree | `-- qs@6.3.2
82 silly currentTree +-- require-directory@2.1.1
82 silly currentTree +-- require-main-filename@1.0.1
82 silly currentTree +-- resolve@1.5.0
82 silly currentTree +-- rimraf@2.6.2
82 silly currentTree +-- ripemd160@2.0.1
82 silly currentTree +-- rx@2.3.24
82 silly currentTree +-- safe-buffer@5.1.1
82 silly currentTree +-- sass-graph@2.2.4
82 silly currentTree | +-- ansi-regex@2.1.1
82 silly currentTree | +-- camelcase@3.0.0
82 silly currentTree | +-- cliui@3.2.0
82 silly currentTree | +-- is-fullwidth-code-point@1.0.0
82 silly currentTree | +-- lodash@4.17.4
82 silly currentTree | +-- string-width@1.0.2
82 silly currentTree | +-- strip-ansi@3.0.1
82 silly currentTree | `-- yargs@7.1.0
82 silly currentTree +-- scss-tokenizer@0.2.3
82 silly currentTree | `-- source-map@0.4.4
82 silly currentTree +-- semver@5.5.0
82 silly currentTree +-- set-blocking@2.0.0
82 silly currentTree +-- set-immediate-shim@1.0.1
82 silly currentTree +-- sha.js@2.4.10
82 silly currentTree +-- shasum@1.0.2
82 silly currentTree +-- shell-quote@1.6.1
82 silly currentTree +-- shelljs@0.3.0
82 silly currentTree +-- signal-exit@3.0.2
82 silly currentTree +-- skeleton-sass-official@3.1.5
82 silly currentTree +-- sntp@1.0.9
82 silly currentTree +-- source-map@0.5.7
82 silly currentTree +-- spawn-command@0.0.2-1
82 silly currentTree +-- spdx-correct@1.0.2
82 silly currentTree +-- spdx-expression-parse@1.0.4
82 silly currentTree +-- spdx-license-ids@1.2.2
82 silly currentTree +-- sshpk@1.13.1
82 silly currentTree | `-- assert-plus@1.0.0
82 silly currentTree +-- stdout-stream@1.4.0
82 silly currentTree +-- stream-browserify@2.0.1
82 silly currentTree +-- stream-combiner2@1.1.1
82 silly currentTree +-- stream-http@2.8.0
82 silly currentTree +-- stream-splicer@2.0.0
82 silly currentTree +-- string_decoder@0.10.31
82 silly currentTree +-- stringstream@0.0.5
82 silly currentTree +-- strip-ansi@0.3.0
82 silly currentTree +-- strip-bom@2.0.0
82 silly currentTree +-- strip-indent@1.0.1
82 silly currentTree +-- strip-json-comments@1.0.4
82 silly currentTree +-- subarg@1.0.0
82 silly currentTree +-- supports-color@3.2.3
82 silly currentTree +-- syntax-error@1.3.0
82 silly currentTree +-- tar@2.2.1
82 silly currentTree +-- through@2.3.8
82 silly currentTree +-- through2@2.0.3
82 silly currentTree +-- timers-browserify@1.4.2
82 silly currentTree +-- to-arraybuffer@1.0.1
82 silly currentTree +-- tough-cookie@2.3.3
82 silly currentTree +-- tree-kill@1.2.0
82 silly currentTree +-- trim-newlines@1.0.0
82 silly currentTree +-- true-case-path@1.0.2
82 silly currentTree | `-- glob@6.0.4
82 silly currentTree +-- tty-browserify@0.0.0
82 silly currentTree +-- tunnel-agent@0.4.3
82 silly currentTree +-- tweetnacl@0.14.5
82 silly currentTree +-- typedarray@0.0.6
82 silly currentTree +-- umd@3.0.1
82 silly currentTree +-- url@0.11.0
82 silly currentTree | `-- punycode@1.3.2
82 silly currentTree +-- util-deprecate@1.0.2
82 silly currentTree +-- util@0.10.3
82 silly currentTree | `-- inherits@2.0.1
82 silly currentTree +-- uuid@3.2.1
82 silly currentTree +-- validate-npm-package-license@3.0.1
82 silly currentTree +-- verror@1.10.0
82 silly currentTree | `-- assert-plus@1.0.0
82 silly currentTree +-- vm-browserify@0.0.4
82 silly currentTree +-- watchify@3.9.0
82 silly currentTree | +-- acorn@5.3.0
82 silly currentTree | +-- browserify@14.5.0
82 silly currentTree | +-- detective@4.7.1
82 silly currentTree | +-- module-deps@4.1.1
82 silly currentTree | `-- string_decoder@1.0.3
82 silly currentTree +-- which-module@1.0.0
82 silly currentTree +-- which@1.3.0
82 silly currentTree +-- wide-align@1.1.2
82 silly currentTree | +-- ansi-regex@2.1.1
82 silly currentTree | +-- is-fullwidth-code-point@1.0.0
82 silly currentTree | +-- string-width@1.0.2
82 silly currentTree | `-- strip-ansi@3.0.1
82 silly currentTree +-- wrap-ansi@2.1.0
82 silly currentTree | +-- ansi-regex@2.1.1
82 silly currentTree | +-- is-fullwidth-code-point@1.0.0
82 silly currentTree | +-- string-width@1.0.2
82 silly currentTree | `-- strip-ansi@3.0.1
82 silly currentTree +-- wrappy@1.0.2
82 silly currentTree +-- xtend@4.0.1
82 silly currentTree +-- y18n@3.2.1
82 silly currentTree +-- yallist@2.1.2
82 silly currentTree `-- yargs-parser@5.0.0
82 silly currentTree   `-- camelcase@3.0.0
83 silly idealTree hotel-website@1.0.0
83 silly idealTree +-- @browserify/acorn5-object-spread@5.0.1
83 silly idealTree | `-- acorn@5.3.0
83 silly idealTree +-- abbrev@1.1.1
83 silly idealTree +-- acorn@4.0.13
83 silly idealTree +-- amdefine@1.0.1
83 silly idealTree +-- ansi-regex@0.2.1
83 silly idealTree +-- ansi-styles@1.1.0
83 silly idealTree +-- anymatch@1.3.2
83 silly idealTree +-- aproba@1.2.0
83 silly idealTree +-- are-we-there-yet@1.1.4
83 silly idealTree +-- arr-diff@2.0.0
83 silly idealTree +-- arr-flatten@1.1.0
83 silly idealTree +-- array-filter@0.0.1
83 silly idealTree +-- array-find-index@1.0.2
83 silly idealTree +-- array-map@0.0.0
83 silly idealTree +-- array-reduce@0.0.0
83 silly idealTree +-- array-unique@0.2.1
83 silly idealTree +-- asn1.js@4.9.2
83 silly idealTree +-- asn1@0.2.3
83 silly idealTree +-- assert-plus@0.2.0
83 silly idealTree +-- assert@1.4.1
83 silly idealTree +-- astw@2.2.0
83 silly idealTree +-- async-each@1.0.1
83 silly idealTree +-- async-foreach@0.1.3
83 silly idealTree +-- asynckit@0.4.0
83 silly idealTree +-- aws-sign2@0.6.0
83 silly idealTree +-- aws4@1.6.0
83 silly idealTree +-- balanced-match@1.0.0
83 silly idealTree +-- base64-js@1.2.1
83 silly idealTree +-- bcrypt-pbkdf@1.0.1
83 silly idealTree +-- binary-extensions@1.11.0
83 silly idealTree +-- block-stream@0.0.9
83 silly idealTree +-- bn.js@4.11.8
83 silly idealTree +-- boom@2.10.1
83 silly idealTree +-- brace-expansion@1.1.8
83 silly idealTree +-- braces@1.8.5
83 silly idealTree +-- brorand@1.1.0
83 silly idealTree +-- browser-pack@6.0.3
83 silly idealTree +-- browser-resolve@1.11.2
83 silly idealTree | `-- resolve@1.1.7
83 silly idealTree +-- browser-stdout@1.3.0
83 silly idealTree +-- browserify-aes@1.1.1
83 silly idealTree +-- browserify-cipher@1.0.0
83 silly idealTree +-- browserify-des@1.0.0
83 silly idealTree +-- browserify-rsa@4.0.1
83 silly idealTree +-- browserify-sign@4.0.4
83 silly idealTree +-- browserify-zlib@0.2.0
83 silly idealTree +-- browserify@15.2.0
83 silly idealTree | `-- string_decoder@1.0.3
83 silly idealTree +-- buffer-xor@1.0.3
83 silly idealTree +-- buffer@5.0.8
83 silly idealTree +-- builtin-modules@1.1.1
83 silly idealTree +-- builtin-status-codes@3.0.0
83 silly idealTree +-- cached-path-relative@1.0.1
83 silly idealTree +-- camelcase-keys@2.1.0
83 silly idealTree | `-- camelcase@2.1.1
83 silly idealTree +-- caseless@0.11.0
83 silly idealTree +-- chalk@0.5.1
83 silly idealTree | +-- has-ansi@0.1.0
83 silly idealTree | `-- supports-color@0.2.0
83 silly idealTree +-- chokidar@1.7.0
83 silly idealTree +-- cipher-base@1.0.4
83 silly idealTree +-- cli@1.0.1
83 silly idealTree +-- code-point-at@1.1.0
83 silly idealTree +-- combine-source-map@0.8.0
83 silly idealTree +-- combined-stream@1.0.5
83 silly idealTree +-- commander@2.13.0
83 silly idealTree +-- compass@0.1.1
83 silly idealTree +-- concat-map@0.0.1
83 silly idealTree +-- concat-stream@1.5.2
83 silly idealTree | `-- readable-stream@2.0.6
83 silly idealTree +-- concurrently@3.5.1
83 silly idealTree | `-- commander@2.6.0
83 silly idealTree +-- console-browserify@1.1.0
83 silly idealTree +-- console-control-strings@1.1.0
83 silly idealTree +-- constants-browserify@1.0.0
83 silly idealTree +-- convert-source-map@1.1.3
83 silly idealTree +-- core-util-is@1.0.2
83 silly idealTree +-- create-ecdh@4.0.0
83 silly idealTree +-- create-hash@1.1.3
83 silly idealTree +-- create-hmac@1.1.6
83 silly idealTree +-- cryptiles@2.0.5
83 silly idealTree +-- crypto-browserify@3.12.0
83 silly idealTree +-- currently-unhandled@0.4.1
83 silly idealTree +-- dashdash@1.14.1
83 silly idealTree | `-- assert-plus@1.0.0
83 silly idealTree +-- date-fns@1.29.0
83 silly idealTree +-- date-now@0.1.4
83 silly idealTree +-- debug@3.1.0
83 silly idealTree +-- decamelize@1.2.0
83 silly idealTree +-- defined@1.0.0
83 silly idealTree +-- delayed-stream@1.0.0
83 silly idealTree +-- delegates@1.0.0
83 silly idealTree +-- deps-sort@2.0.0
83 silly idealTree +-- des.js@1.0.0
83 silly idealTree +-- detective@5.0.2
83 silly idealTree | `-- acorn@5.3.0
83 silly idealTree +-- diff@3.3.1
83 silly idealTree +-- diffie-hellman@5.0.2
83 silly idealTree +-- dom-serializer@0.1.0
83 silly idealTree | +-- domelementtype@1.1.3
83 silly idealTree | `-- entities@1.1.1
83 silly idealTree +-- domain-browser@1.1.7
83 silly idealTree +-- domelementtype@1.3.0
83 silly idealTree +-- domhandler@2.3.0
83 silly idealTree +-- domutils@1.5.1
83 silly idealTree +-- duplexer2@0.1.4
83 silly idealTree +-- ecc-jsbn@0.1.1
83 silly idealTree +-- elliptic@6.4.0
83 silly idealTree +-- entities@1.0.0
83 silly idealTree +-- error-ex@1.3.1
83 silly idealTree +-- escape-string-regexp@1.0.5
83 silly idealTree +-- events@1.1.1
83 silly idealTree +-- evp_bytestokey@1.0.3
83 silly idealTree +-- exit@0.1.2
83 silly idealTree +-- expand-brackets@0.1.5
83 silly idealTree +-- expand-range@1.8.2
83 silly idealTree +-- extend@3.0.1
83 silly idealTree +-- extglob@0.3.2
83 silly idealTree +-- extsprintf@1.3.0
83 silly idealTree +-- filename-regex@2.0.1
83 silly idealTree +-- fill-range@2.2.3
83 silly idealTree +-- find-up@1.1.2
83 silly idealTree +-- for-in@1.0.2
83 silly idealTree +-- for-own@0.1.5
83 silly idealTree +-- forever-agent@0.6.1
83 silly idealTree +-- form-data@2.1.4
83 silly idealTree +-- fs.realpath@1.0.0
83 silly idealTree +-- fstream@1.0.11
83 silly idealTree | +-- minimist@0.0.8
83 silly idealTree | `-- mkdirp@0.5.1
83 silly idealTree +-- function-bind@1.1.1
83 silly idealTree +-- gauge@2.7.4
83 silly idealTree | +-- ansi-regex@2.1.1
83 silly idealTree | +-- is-fullwidth-code-point@1.0.0
83 silly idealTree | +-- string-width@1.0.2
83 silly idealTree | `-- strip-ansi@3.0.1
83 silly idealTree +-- gaze@1.1.2
83 silly idealTree +-- generate-function@2.0.0
83 silly idealTree +-- generate-object-property@1.2.0
83 silly idealTree +-- get-caller-file@1.0.2
83 silly idealTree +-- get-stdin@4.0.1
83 silly idealTree +-- getpass@0.1.7
83 silly idealTree | `-- assert-plus@1.0.0
83 silly idealTree +-- glob-base@0.3.0
83 silly idealTree +-- glob-parent@2.0.0
83 silly idealTree +-- glob@7.1.2
83 silly idealTree +-- globule@1.2.0
83 silly idealTree | `-- lodash@4.17.4
83 silly idealTree +-- graceful-fs@4.1.11
83 silly idealTree +-- growl@1.10.3
83 silly idealTree +-- har-validator@2.0.6
83 silly idealTree | +-- ansi-regex@2.1.1
83 silly idealTree | +-- ansi-styles@2.2.1
83 silly idealTree | +-- chalk@1.1.3
83 silly idealTree | +-- strip-ansi@3.0.1
83 silly idealTree | `-- supports-color@2.0.0
83 silly idealTree +-- has-ansi@2.0.0
83 silly idealTree | `-- ansi-regex@2.1.1
83 silly idealTree +-- has-flag@1.0.0
83 silly idealTree +-- has-unicode@2.0.1
83 silly idealTree +-- has@1.0.1
83 silly idealTree +-- hash-base@2.0.2
83 silly idealTree +-- hash.js@1.1.3
83 silly idealTree +-- hawk@3.1.3
83 silly idealTree +-- he@1.1.1
83 silly idealTree +-- hmac-drbg@1.0.1
83 silly idealTree +-- hoek@2.16.3
83 silly idealTree +-- hosted-git-info@2.5.0
83 silly idealTree +-- htmlescape@1.1.1
83 silly idealTree +-- htmlparser2@3.8.3
83 silly idealTree | +-- isarray@0.0.1
83 silly idealTree | `-- readable-stream@1.1.14
83 silly idealTree +-- http-signature@1.1.1
83 silly idealTree +-- https-browserify@1.0.0
83 silly idealTree +-- ieee754@1.1.8
83 silly idealTree +-- in-publish@2.0.0
83 silly idealTree +-- indent-string@2.1.0
83 silly idealTree +-- indexof@0.0.1
83 silly idealTree +-- inflight@1.0.6
83 silly idealTree +-- inherits@2.0.3
83 silly idealTree +-- inline-source-map@0.6.2
83 silly idealTree +-- insert-module-globals@7.0.1
83 silly idealTree | `-- combine-source-map@0.7.2
83 silly idealTree +-- invert-kv@1.0.0
83 silly idealTree +-- is-arrayish@0.2.1
83 silly idealTree +-- is-binary-path@1.0.1
83 silly idealTree +-- is-buffer@1.1.6
83 silly idealTree +-- is-builtin-module@1.0.0
83 silly idealTree +-- is-dotfile@1.0.3
83 silly idealTree +-- is-equal-shallow@0.1.3
83 silly idealTree +-- is-extendable@0.1.1
83 silly idealTree +-- is-extglob@1.0.0
83 silly idealTree +-- is-finite@1.0.2
83 silly idealTree +-- is-glob@2.0.1
83 silly idealTree +-- is-my-json-valid@2.17.1
83 silly idealTree +-- is-number@2.1.0
83 silly idealTree +-- is-posix-bracket@0.1.1
83 silly idealTree +-- is-primitive@2.0.0
83 silly idealTree +-- is-property@1.0.2
83 silly idealTree +-- is-typedarray@1.0.0
83 silly idealTree +-- is-utf8@0.2.1
83 silly idealTree +-- isarray@1.0.0
83 silly idealTree +-- isexe@2.0.0
83 silly idealTree +-- isobject@2.1.0
83 silly idealTree +-- isstream@0.1.2
83 silly idealTree +-- jquery@3.3.1
83 silly idealTree +-- js-base64@2.4.2
83 silly idealTree +-- jsbn@0.1.1
83 silly idealTree +-- jshint@2.9.5
83 silly idealTree | `-- lodash@3.7.0
83 silly idealTree +-- json-schema@0.2.3
83 silly idealTree +-- json-stable-stringify@0.0.1
83 silly idealTree +-- json-stringify-safe@5.0.1
83 silly idealTree +-- jsonify@0.0.0
83 silly idealTree +-- jsonparse@1.3.1
83 silly idealTree +-- jsonpointer@4.0.1
83 silly idealTree +-- JSONStream@1.3.2
83 silly idealTree +-- jsprim@1.4.1
83 silly idealTree | `-- assert-plus@1.0.0
83 silly idealTree +-- kind-of@3.2.2
83 silly idealTree +-- labeled-stream-splicer@2.0.0
83 silly idealTree | `-- isarray@0.0.1
83 silly idealTree +-- lcid@1.0.0
83 silly idealTree +-- lexical-scope@1.2.0
83 silly idealTree +-- load-json-file@1.1.0
83 silly idealTree | `-- pify@2.3.0
83 silly idealTree +-- lodash.clonedeep@4.5.0
83 silly idealTree +-- lodash.memoize@3.0.4
83 silly idealTree +-- lodash.mergewith@4.6.0
83 silly idealTree +-- lodash@4.17.4
83 silly idealTree +-- loud-rejection@1.6.0
83 silly idealTree +-- lru-cache@4.1.1
83 silly idealTree +-- map-obj@1.0.1
83 silly idealTree +-- md5.js@1.3.4
83 silly idealTree | `-- hash-base@3.0.4
83 silly idealTree +-- meow@3.7.0
83 silly idealTree +-- micromatch@2.3.11
83 silly idealTree +-- miller-rabin@4.0.1
83 silly idealTree +-- mime-db@1.30.0
83 silly idealTree +-- mime-types@2.1.17
83 silly idealTree +-- minimalistic-assert@1.0.0
83 silly idealTree +-- minimalistic-crypto-utils@1.0.1
83 silly idealTree +-- minimatch@3.0.4
83 silly idealTree +-- minimist@1.2.0
83 silly idealTree +-- mkdirp@0.5.1
83 silly idealTree | `-- minimist@0.0.8
83 silly idealTree +-- mocha@5.0.0
83 silly idealTree | +-- commander@2.11.0
83 silly idealTree | +-- has-flag@2.0.0
83 silly idealTree | `-- supports-color@4.4.0
83 silly idealTree +-- module-deps@5.0.1
83 silly idealTree | `-- concat-stream@1.6.0
83 silly idealTree +-- ms@2.0.0
83 silly idealTree +-- nan@2.8.0
83 silly idealTree +-- node-gyp@3.6.2
83 silly idealTree | +-- minimist@0.0.8
83 silly idealTree | +-- mkdirp@0.5.1
83 silly idealTree | +-- nopt@3.0.6
83 silly idealTree | `-- semver@5.3.0
83 silly idealTree +-- node-sass@4.7.2
83 silly idealTree | +-- ansi-regex@2.1.1
83 silly idealTree | +-- ansi-styles@2.2.1
83 silly idealTree | +-- chalk@1.1.3
83 silly idealTree | +-- cross-spawn@3.0.1
83 silly idealTree | +-- lodash.assign@4.2.0
83 silly idealTree | +-- minimist@0.0.8
83 silly idealTree | +-- mkdirp@0.5.1
83 silly idealTree | +-- strip-ansi@3.0.1
83 silly idealTree | `-- supports-color@2.0.0
83 silly idealTree +-- normalize-package-data@2.4.0
83 silly idealTree +-- normalize-path@2.1.1
83 silly idealTree +-- normalize-scss@7.0.0
83 silly idealTree +-- npmlog@4.1.2
83 silly idealTree +-- number-is-nan@1.0.1
83 silly idealTree +-- oauth-sign@0.8.2
83 silly idealTree +-- object-assign@4.1.1
83 silly idealTree +-- object.omit@2.0.1
83 silly idealTree +-- once@1.4.0
83 silly idealTree +-- os-browserify@0.3.0
83 silly idealTree +-- os-homedir@1.0.2
83 silly idealTree +-- os-locale@1.4.0
83 silly idealTree +-- os-tmpdir@1.0.2
83 silly idealTree +-- osenv@0.1.4
83 silly idealTree +-- outpipe@1.1.1
83 silly idealTree +-- pako@1.0.6
83 silly idealTree +-- parents@1.0.1
83 silly idealTree +-- parse-asn1@5.1.0
83 silly idealTree +-- parse-glob@3.0.4
83 silly idealTree +-- parse-json@2.2.0
83 silly idealTree +-- path-browserify@0.0.0
83 silly idealTree +-- path-exists@2.1.0
83 silly idealTree +-- path-is-absolute@1.0.1
83 silly idealTree +-- path-parse@1.0.5
83 silly idealTree +-- path-platform@0.11.15
83 silly idealTree +-- path-type@1.1.0
83 silly idealTree | `-- pify@2.3.0
83 silly idealTree +-- pbkdf2@3.0.14
83 silly idealTree +-- pinkie-promise@2.0.1
83 silly idealTree +-- pinkie@2.0.4
83 silly idealTree +-- preserve@0.2.0
83 silly idealTree +-- process-nextick-args@1.0.7
83 silly idealTree +-- process@0.11.10
83 silly idealTree +-- pseudomap@1.0.2
83 silly idealTree +-- public-encrypt@4.0.0
83 silly idealTree +-- punycode@1.4.1
83 silly idealTree +-- querystring-es3@0.2.1
83 silly idealTree +-- querystring@0.2.0
83 silly idealTree +-- randomatic@1.1.7
83 silly idealTree | +-- is-number@3.0.0
83 silly idealTree | | `-- kind-of@3.2.2
83 silly idealTree | `-- kind-of@4.0.0
83 silly idealTree +-- randombytes@2.0.6
83 silly idealTree +-- randomfill@1.0.3
83 silly idealTree +-- read-only-stream@2.0.0
83 silly idealTree +-- read-pkg-up@1.0.1
83 silly idealTree +-- read-pkg@1.1.0
83 silly idealTree +-- readable-stream@2.3.3
83 silly idealTree | `-- string_decoder@1.0.3
83 silly idealTree +-- readdirp@2.1.0
83 silly idealTree +-- redent@1.0.0
83 silly idealTree +-- regex-cache@0.4.4
83 silly idealTree +-- remove-trailing-separator@1.1.0
83 silly idealTree +-- repeat-element@1.1.2
83 silly idealTree +-- repeat-string@1.6.1
83 silly idealTree +-- repeating@2.0.1
83 silly idealTree +-- request@2.79.0
83 silly idealTree | `-- qs@6.3.2
83 silly idealTree +-- require-directory@2.1.1
83 silly idealTree +-- require-main-filename@1.0.1
83 silly idealTree +-- resolve@1.5.0
83 silly idealTree +-- rimraf@2.6.2
83 silly idealTree +-- ripemd160@2.0.1
83 silly idealTree +-- rx@2.3.24
83 silly idealTree +-- safe-buffer@5.1.1
83 silly idealTree +-- sass-graph@2.2.4
83 silly idealTree | +-- ansi-regex@2.1.1
83 silly idealTree | +-- camelcase@3.0.0
83 silly idealTree | +-- cliui@3.2.0
83 silly idealTree | +-- is-fullwidth-code-point@1.0.0
83 silly idealTree | +-- lodash@4.17.4
83 silly idealTree | +-- string-width@1.0.2
83 silly idealTree | +-- strip-ansi@3.0.1
83 silly idealTree | `-- yargs@7.1.0
83 silly idealTree +-- scss-tokenizer@0.2.3
83 silly idealTree | `-- source-map@0.4.4
83 silly idealTree +-- semver@5.5.0
83 silly idealTree +-- set-blocking@2.0.0
83 silly idealTree +-- set-immediate-shim@1.0.1
83 silly idealTree +-- sha.js@2.4.10
83 silly idealTree +-- shasum@1.0.2
83 silly idealTree +-- shell-quote@1.6.1
83 silly idealTree +-- shelljs@0.3.0
83 silly idealTree +-- signal-exit@3.0.2
83 silly idealTree +-- skeleton-sass-official@3.1.5
83 silly idealTree +-- sntp@1.0.9
83 silly idealTree +-- source-map@0.5.7
83 silly idealTree +-- spawn-command@0.0.2-1
83 silly idealTree +-- spdx-correct@1.0.2
83 silly idealTree +-- spdx-expression-parse@1.0.4
83 silly idealTree +-- spdx-license-ids@1.2.2
83 silly idealTree +-- sshpk@1.13.1
83 silly idealTree | `-- assert-plus@1.0.0
83 silly idealTree +-- stdout-stream@1.4.0
83 silly idealTree +-- stream-browserify@2.0.1
83 silly idealTree +-- stream-combiner2@1.1.1
83 silly idealTree +-- stream-http@2.8.0
83 silly idealTree +-- stream-splicer@2.0.0
83 silly idealTree +-- string_decoder@0.10.31
83 silly idealTree +-- stringstream@0.0.5
83 silly idealTree +-- strip-ansi@0.3.0
83 silly idealTree +-- strip-bom@2.0.0
83 silly idealTree +-- strip-indent@1.0.1
83 silly idealTree +-- strip-json-comments@1.0.4
83 silly idealTree +-- subarg@1.0.0
83 silly idealTree +-- supports-color@3.2.3
83 silly idealTree +-- syntax-error@1.3.0
83 silly idealTree +-- tar@2.2.1
83 silly idealTree +-- through@2.3.8
83 silly idealTree +-- through2@2.0.3
83 silly idealTree +-- timers-browserify@1.4.2
83 silly idealTree +-- to-arraybuffer@1.0.1
83 silly idealTree +-- tough-cookie@2.3.3
83 silly idealTree +-- tree-kill@1.2.0
83 silly idealTree +-- trim-newlines@1.0.0
83 silly idealTree +-- true-case-path@1.0.2
83 silly idealTree | `-- glob@6.0.4
83 silly idealTree +-- tty-browserify@0.0.0
83 silly idealTree +-- tunnel-agent@0.4.3
83 silly idealTree +-- tweetnacl@0.14.5
83 silly idealTree +-- typedarray@0.0.6
83 silly idealTree +-- umd@3.0.1
83 silly idealTree +-- url@0.11.0
83 silly idealTree | `-- punycode@1.3.2
83 silly idealTree +-- util-deprecate@1.0.2
83 silly idealTree +-- util@0.10.3
83 silly idealTree | `-- inherits@2.0.1
83 silly idealTree +-- uuid@3.2.1
83 silly idealTree +-- validate-npm-package-license@3.0.1
83 silly idealTree +-- verror@1.10.0
83 silly idealTree | `-- assert-plus@1.0.0
83 silly idealTree +-- vm-browserify@0.0.4
83 silly idealTree +-- watchify@3.9.0
83 silly idealTree | +-- acorn@5.3.0
83 silly idealTree | +-- browserify@14.5.0
83 silly idealTree | +-- detective@4.7.1
83 silly idealTree | +-- module-deps@4.1.1
83 silly idealTree | `-- string_decoder@1.0.3
83 silly idealTree +-- which-module@1.0.0
83 silly idealTree +-- which@1.3.0
83 silly idealTree +-- wide-align@1.1.2
83 silly idealTree | +-- ansi-regex@2.1.1
83 silly idealTree | +-- is-fullwidth-code-point@1.0.0
83 silly idealTree | +-- string-width@1.0.2
83 silly idealTree | `-- strip-ansi@3.0.1
83 silly idealTree +-- wrap-ansi@2.1.0
83 silly idealTree | +-- ansi-regex@2.1.1
83 silly idealTree | +-- is-fullwidth-code-point@1.0.0
83 silly idealTree | +-- string-width@1.0.2
83 silly idealTree | `-- strip-ansi@3.0.1
83 silly idealTree +-- wrappy@1.0.2
83 silly idealTree +-- xtend@4.0.1
83 silly idealTree +-- y18n@3.2.1
83 silly idealTree +-- yallist@2.1.2
83 silly idealTree `-- yargs-parser@5.0.0
83 silly idealTree   `-- camelcase@3.0.0
84 silly generateActionsToTake Starting
85 silly install generateActionsToTake
86 silly generateActionsToTake Finishing
87 silly diffTrees action count 1
88 silly diffTrees update jquery@3.3.1
89 silly decomposeActions action count 8
90 silly decomposeActions fetch jquery@3.3.1
91 silly decomposeActions extract jquery@3.3.1
92 silly decomposeActions test jquery@3.3.1
93 silly decomposeActions preinstall jquery@3.3.1
94 silly decomposeActions build jquery@3.3.1
95 silly decomposeActions install jquery@3.3.1
96 silly decomposeActions postinstall jquery@3.3.1
97 silly decomposeActions finalize jquery@3.3.1
98 silly executeActions Starting
99 silly install executeActions
100 silly doSerial global-install 0
101 silly doParallel fetch 1
102 verbose correctMkdir C:\Users\pahlk\AppData\Roaming\npm-cache\_locks correctMkdir not in flight; initializing
103 verbose lock using C:\Users\pahlk\AppData\Roaming\npm-cache\_locks\staging-200475ed4fe39c8e.lock for C:\Users\pahlk\Dokumente\Laura\hotel-website\node_modules\.staging
104 silly doParallel extract 1
105 silly extract jquery@3.3.1
106 verbose unbuild node_modules\.staging\jquery-600da867
107 silly gentlyRm C:\Users\pahlk\Dokumente\Laura\hotel-website\node_modules\.staging\jquery-600da867 is being purged from base C:\Users\pahlk\Dokumente\Laura\hotel-website
108 verbose gentlyRm don't care about contents; nuking C:\Users\pahlk\Dokumente\Laura\hotel-website\node_modules\.staging\jquery-600da867
109 verbose tar unpack C:\Users\pahlk\AppData\Roaming\npm-cache\jquery\3.3.1\package.tgz
110 verbose tar unpacking to C:\Users\pahlk\Dokumente\Laura\hotel-website\node_modules\.staging\jquery-600da867
111 silly gentlyRm C:\Users\pahlk\Dokumente\Laura\hotel-website\node_modules\.staging\jquery-600da867 is being purged
112 verbose gentlyRm don't care about contents; nuking C:\Users\pahlk\Dokumente\Laura\hotel-website\node_modules\.staging\jquery-600da867
113 silly gunzTarPerm modes [ '777', '666' ]
114 silly gunzTarPerm extractEntry package.json
115 silly gunzTarPerm modified mode [ 'package.json', 420, 438 ]
116 silly gunzTarPerm extractEntry AUTHORS.txt
117 silly gunzTarPerm modified mode [ 'AUTHORS.txt', 420, 438 ]
118 silly gunzTarPerm extractEntry bower.json
119 silly gunzTarPerm modified mode [ 'bower.json', 420, 438 ]
120 silly gunzTarPerm extractEntry LICENSE.txt
121 silly gunzTarPerm modified mode [ 'LICENSE.txt', 420, 438 ]
122 silly gunzTarPerm extractEntry README.md
123 silly gunzTarPerm modified mode [ 'README.md', 420, 438 ]
124 silly gunzTarPerm extractEntry dist/core.js
125 silly gunzTarPerm modified mode [ 'dist/core.js', 420, 438 ]
126 silly gunzTarPerm extractEntry dist/jquery.js
127 silly gunzTarPerm modified mode [ 'dist/jquery.js', 420, 438 ]
128 silly gunzTarPerm extractEntry dist/jquery.min.js
129 silly gunzTarPerm modified mode [ 'dist/jquery.min.js', 420, 438 ]
130 silly gunzTarPerm extractEntry dist/jquery.min.map
131 silly gunzTarPerm modified mode [ 'dist/jquery.min.map', 420, 438 ]
132 silly gunzTarPerm extractEntry dist/jquery.slim.js
133 silly gunzTarPerm modified mode [ 'dist/jquery.slim.js', 420, 438 ]
134 silly gunzTarPerm extractEntry dist/jquery.slim.min.js
135 silly gunzTarPerm modified mode [ 'dist/jquery.slim.min.js', 420, 438 ]
136 silly gunzTarPerm extractEntry dist/jquery.slim.min.map
137 silly gunzTarPerm modified mode [ 'dist/jquery.slim.min.map', 420, 438 ]
138 silly gunzTarPerm extractEntry external/sizzle/dist/sizzle.js
139 silly gunzTarPerm modified mode [ 'external/sizzle/dist/sizzle.js', 420, 438 ]
140 silly gunzTarPerm extractEntry external/sizzle/dist/sizzle.min.js
141 silly gunzTarPerm modified mode [ 'external/sizzle/dist/sizzle.min.js', 420, 438 ]
142 silly gunzTarPerm extractEntry external/sizzle/dist/sizzle.min.map
143 silly gunzTarPerm modified mode [ 'external/sizzle/dist/sizzle.min.map', 420, 438 ]
144 silly gunzTarPerm extractEntry external/sizzle/LICENSE.txt
145 silly gunzTarPerm modified mode [ 'external/sizzle/LICENSE.txt', 420, 438 ]
146 silly gunzTarPerm extractEntry src/.eslintrc.json
147 silly gunzTarPerm modified mode [ 'src/.eslintrc.json', 420, 438 ]
148 silly gunzTarPerm extractEntry src/ajax.js
149 silly gunzTarPerm modified mode [ 'src/ajax.js', 420, 438 ]
150 silly gunzTarPerm extractEntry src/ajax/jsonp.js
151 silly gunzTarPerm modified mode [ 'src/ajax/jsonp.js', 420, 438 ]
152 silly gunzTarPerm extractEntry src/ajax/load.js
153 silly gunzTarPerm modified mode [ 'src/ajax/load.js', 420, 438 ]
154 silly gunzTarPerm extractEntry src/ajax/parseXML.js
155 silly gunzTarPerm modified mode [ 'src/ajax/parseXML.js', 420, 438 ]
156 silly gunzTarPerm extractEntry src/ajax/script.js
157 silly gunzTarPerm modified mode [ 'src/ajax/script.js', 420, 438 ]
158 silly gunzTarPerm extractEntry src/ajax/var/location.js
159 silly gunzTarPerm modified mode [ 'src/ajax/var/location.js', 420, 438 ]
160 silly gunzTarPerm extractEntry src/ajax/var/nonce.js
161 silly gunzTarPerm modified mode [ 'src/ajax/var/nonce.js', 420, 438 ]
162 silly gunzTarPerm extractEntry src/ajax/var/rquery.js
163 silly gunzTarPerm modified mode [ 'src/ajax/var/rquery.js', 420, 438 ]
164 silly gunzTarPerm extractEntry src/ajax/xhr.js
165 silly gunzTarPerm modified mode [ 'src/ajax/xhr.js', 420, 438 ]
166 silly gunzTarPerm extractEntry src/attributes.js
167 silly gunzTarPerm modified mode [ 'src/attributes.js', 420, 438 ]
168 silly gunzTarPerm extractEntry src/attributes/attr.js
169 silly gunzTarPerm modified mode [ 'src/attributes/attr.js', 420, 438 ]
170 silly gunzTarPerm extractEntry src/attributes/classes.js
171 silly gunzTarPerm modified mode [ 'src/attributes/classes.js', 420, 438 ]
172 silly gunzTarPerm extractEntry src/attributes/prop.js
173 silly gunzTarPerm modified mode [ 'src/attributes/prop.js', 420, 438 ]
174 silly gunzTarPerm extractEntry src/attributes/support.js
175 silly gunzTarPerm modified mode [ 'src/attributes/support.js', 420, 438 ]
176 silly gunzTarPerm extractEntry src/attributes/val.js
177 silly gunzTarPerm modified mode [ 'src/attributes/val.js', 420, 438 ]
178 silly gunzTarPerm extractEntry src/callbacks.js
179 silly gunzTarPerm modified mode [ 'src/callbacks.js', 420, 438 ]
180 silly gunzTarPerm extractEntry src/core.js
181 silly gunzTarPerm modified mode [ 'src/core.js', 420, 438 ]
182 silly gunzTarPerm extractEntry src/core/access.js
183 silly gunzTarPerm modified mode [ 'src/core/access.js', 420, 438 ]
184 silly gunzTarPerm extractEntry src/core/camelCase.js
185 silly gunzTarPerm modified mode [ 'src/core/camelCase.js', 420, 438 ]
186 silly gunzTarPerm extractEntry src/core/DOMEval.js
187 silly gunzTarPerm modified mode [ 'src/core/DOMEval.js', 420, 438 ]
188 silly gunzTarPerm extractEntry src/core/init.js
189 silly gunzTarPerm modified mode [ 'src/core/init.js', 420, 438 ]
190 silly gunzTarPerm extractEntry src/core/nodeName.js
191 silly gunzTarPerm modified mode [ 'src/core/nodeName.js', 420, 438 ]
192 silly gunzTarPerm extractEntry src/core/parseHTML.js
193 silly gunzTarPerm modified mode [ 'src/core/parseHTML.js', 420, 438 ]
194 silly gunzTarPerm extractEntry src/core/ready-no-deferred.js
195 silly gunzTarPerm modified mode [ 'src/core/ready-no-deferred.js', 420, 438 ]
196 silly gunzTarPerm extractEntry src/core/ready.js
197 silly gunzTarPerm modified mode [ 'src/core/ready.js', 420, 438 ]
198 silly gunzTarPerm extractEntry src/core/readyException.js
199 silly gunzTarPerm modified mode [ 'src/core/readyException.js', 420, 438 ]
200 silly gunzTarPerm extractEntry src/core/stripAndCollapse.js
201 silly gunzTarPerm modified mode [ 'src/core/stripAndCollapse.js', 420, 438 ]
202 silly gunzTarPerm extractEntry src/core/support.js
203 silly gunzTarPerm modified mode [ 'src/core/support.js', 420, 438 ]
204 silly gunzTarPerm extractEntry src/core/toType.js
205 silly gunzTarPerm modified mode [ 'src/core/toType.js', 420, 438 ]
206 silly gunzTarPerm extractEntry src/core/var/rsingleTag.js
207 silly gunzTarPerm modified mode [ 'src/core/var/rsingleTag.js', 420, 438 ]
208 silly gunzTarPerm extractEntry src/css.js
209 silly gunzTarPerm modified mode [ 'src/css.js', 420, 438 ]
210 silly gunzTarPerm extractEntry src/css/addGetHookIf.js
211 silly gunzTarPerm modified mode [ 'src/css/addGetHookIf.js', 420, 438 ]
212 silly gunzTarPerm extractEntry src/css/adjustCSS.js
213 silly gunzTarPerm modified mode [ 'src/css/adjustCSS.js', 420, 438 ]
214 silly gunzTarPerm extractEntry src/css/curCSS.js
215 silly gunzTarPerm modified mode [ 'src/css/curCSS.js', 420, 438 ]
216 silly gunzTarPerm extractEntry src/css/hiddenVisibleSelectors.js
217 silly gunzTarPerm modified mode [ 'src/css/hiddenVisibleSelectors.js', 420, 438 ]
218 silly gunzTarPerm extractEntry src/css/showHide.js
219 silly gunzTarPerm modified mode [ 'src/css/showHide.js', 420, 438 ]
220 silly gunzTarPerm extractEntry src/css/support.js
221 silly gunzTarPerm modified mode [ 'src/css/support.js', 420, 438 ]
222 silly gunzTarPerm extractEntry src/css/var/cssExpand.js
223 silly gunzTarPerm modified mode [ 'src/css/var/cssExpand.js', 420, 438 ]
224 silly gunzTarPerm extractEntry src/css/var/getStyles.js
225 silly gunzTarPerm modified mode [ 'src/css/var/getStyles.js', 420, 438 ]
226 silly gunzTarPerm extractEntry src/css/var/isHiddenWithinTree.js
227 silly gunzTarPerm modified mode [ 'src/css/var/isHiddenWithinTree.js', 420, 438 ]
228 silly gunzTarPerm extractEntry src/css/var/rboxStyle.js
229 silly gunzTarPerm modified mode [ 'src/css/var/rboxStyle.js', 420, 438 ]
230 silly gunzTarPerm extractEntry src/css/var/rnumnonpx.js
231 silly gunzTarPerm modified mode [ 'src/css/var/rnumnonpx.js', 420, 438 ]
232 silly gunzTarPerm extractEntry src/css/var/swap.js
233 silly gunzTarPerm modified mode [ 'src/css/var/swap.js', 420, 438 ]
234 silly gunzTarPerm extractEntry src/data.js
235 silly gunzTarPerm modified mode [ 'src/data.js', 420, 438 ]
236 silly gunzTarPerm extractEntry src/data/Data.js
237 silly gunzTarPerm modified mode [ 'src/data/Data.js', 420, 438 ]
238 silly gunzTarPerm extractEntry src/data/var/acceptData.js
239 silly gunzTarPerm modified mode [ 'src/data/var/acceptData.js', 420, 438 ]
240 silly gunzTarPerm extractEntry src/data/var/dataPriv.js
241 silly gunzTarPerm modified mode [ 'src/data/var/dataPriv.js', 420, 438 ]
242 silly gunzTarPerm extractEntry src/data/var/dataUser.js
243 silly gunzTarPerm modified mode [ 'src/data/var/dataUser.js', 420, 438 ]
244 silly gunzTarPerm extractEntry src/deferred.js
245 silly gunzTarPerm modified mode [ 'src/deferred.js', 420, 438 ]
246 silly gunzTarPerm extractEntry src/deferred/exceptionHook.js
247 silly gunzTarPerm modified mode [ 'src/deferred/exceptionHook.js', 420, 438 ]
248 silly gunzTarPerm extractEntry src/deprecated.js
249 silly gunzTarPerm modified mode [ 'src/deprecated.js', 420, 438 ]
250 silly gunzTarPerm extractEntry src/dimensions.js
251 silly gunzTarPerm modified mode [ 'src/dimensions.js', 420, 438 ]
252 silly gunzTarPerm extractEntry src/effects.js
253 silly gunzTarPerm modified mode [ 'src/effects.js', 420, 438 ]
254 silly gunzTarPerm extractEntry src/effects/animatedSelector.js
255 silly gunzTarPerm modified mode [ 'src/effects/animatedSelector.js', 420, 438 ]
256 silly gunzTarPerm extractEntry src/effects/Tween.js
257 silly gunzTarPerm modified mode [ 'src/effects/Tween.js', 420, 438 ]
258 silly gunzTarPerm extractEntry src/event.js
259 silly gunzTarPerm modified mode [ 'src/event.js', 420, 438 ]
260 silly gunzTarPerm extractEntry src/event/ajax.js
261 silly gunzTarPerm modified mode [ 'src/event/ajax.js', 420, 438 ]
262 silly gunzTarPerm extractEntry src/event/alias.js
263 silly gunzTarPerm modified mode [ 'src/event/alias.js', 420, 438 ]
264 silly gunzTarPerm extractEntry src/event/focusin.js
265 silly gunzTarPerm modified mode [ 'src/event/focusin.js', 420, 438 ]
266 silly gunzTarPerm extractEntry src/event/support.js
267 silly gunzTarPerm modified mode [ 'src/event/support.js', 420, 438 ]
268 silly gunzTarPerm extractEntry src/event/trigger.js
269 silly gunzTarPerm modified mode [ 'src/event/trigger.js', 420, 438 ]
270 silly gunzTarPerm extractEntry src/exports/amd.js
271 silly gunzTarPerm modified mode [ 'src/exports/amd.js', 420, 438 ]
272 silly gunzTarPerm extractEntry src/exports/global.js
273 silly gunzTarPerm modified mode [ 'src/exports/global.js', 420, 438 ]
274 silly gunzTarPerm extractEntry src/jquery.js
275 silly gunzTarPerm modified mode [ 'src/jquery.js', 420, 438 ]
276 silly gunzTarPerm extractEntry src/manipulation.js
277 silly gunzTarPerm modified mode [ 'src/manipulation.js', 420, 438 ]
278 silly gunzTarPerm extractEntry src/manipulation/_evalUrl.js
279 silly gunzTarPerm modified mode [ 'src/manipulation/_evalUrl.js', 420, 438 ]
280 silly gunzTarPerm extractEntry src/manipulation/buildFragment.js
281 silly gunzTarPerm modified mode [ 'src/manipulation/buildFragment.js', 420, 438 ]
282 silly gunzTarPerm extractEntry src/manipulation/getAll.js
283 silly gunzTarPerm modified mode [ 'src/manipulation/getAll.js', 420, 438 ]
284 silly gunzTarPerm extractEntry src/manipulation/setGlobalEval.js
285 silly gunzTarPerm modified mode [ 'src/manipulation/setGlobalEval.js', 420, 438 ]
286 silly gunzTarPerm extractEntry src/manipulation/support.js
287 silly gunzTarPerm modified mode [ 'src/manipulation/support.js', 420, 438 ]
288 silly gunzTarPerm extractEntry src/manipulation/var/rcheckableType.js
289 silly gunzTarPerm modified mode [ 'src/manipulation/var/rcheckableType.js', 420, 438 ]
290 silly gunzTarPerm extractEntry src/manipulation/var/rscriptType.js
291 silly gunzTarPerm modified mode [ 'src/manipulation/var/rscriptType.js', 420, 438 ]
292 silly gunzTarPerm extractEntry src/manipulation/var/rtagName.js
293 silly gunzTarPerm modified mode [ 'src/manipulation/var/rtagName.js', 420, 438 ]
294 silly gunzTarPerm extractEntry src/manipulation/wrapMap.js
295 silly gunzTarPerm modified mode [ 'src/manipulation/wrapMap.js', 420, 438 ]
296 silly gunzTarPerm extractEntry src/offset.js
297 silly gunzTarPerm modified mode [ 'src/offset.js', 420, 438 ]
298 silly gunzTarPerm extractEntry src/queue.js
299 silly gunzTarPerm modified mode [ 'src/queue.js', 420, 438 ]
300 silly gunzTarPerm extractEntry src/queue/delay.js
301 silly gunzTarPerm modified mode [ 'src/queue/delay.js', 420, 438 ]
302 silly gunzTarPerm extractEntry src/selector-native.js
303 silly gunzTarPerm modified mode [ 'src/selector-native.js', 420, 438 ]
304 silly gunzTarPerm extractEntry src/selector-sizzle.js
305 silly gunzTarPerm modified mode [ 'src/selector-sizzle.js', 420, 438 ]
306 silly gunzTarPerm extractEntry src/selector.js
307 silly gunzTarPerm modified mode [ 'src/selector.js', 420, 438 ]
308 silly gunzTarPerm extractEntry src/serialize.js
309 silly gunzTarPerm modified mode [ 'src/serialize.js', 420, 438 ]
310 silly gunzTarPerm extractEntry src/traversing.js
311 silly gunzTarPerm modified mode [ 'src/traversing.js', 420, 438 ]
312 silly gunzTarPerm extractEntry src/traversing/findFilter.js
313 silly gunzTarPerm modified mode [ 'src/traversing/findFilter.js', 420, 438 ]
314 silly gunzTarPerm extractEntry src/traversing/var/dir.js
315 silly gunzTarPerm modified mode [ 'src/traversing/var/dir.js', 420, 438 ]
316 silly gunzTarPerm extractEntry src/traversing/var/rneedsContext.js
317 silly gunzTarPerm modified mode [ 'src/traversing/var/rneedsContext.js', 420, 438 ]
318 silly gunzTarPerm extractEntry src/traversing/var/siblings.js
319 silly gunzTarPerm modified mode [ 'src/traversing/var/siblings.js', 420, 438 ]
320 silly gunzTarPerm extractEntry src/var/arr.js
321 silly gunzTarPerm modified mode [ 'src/var/arr.js', 420, 438 ]
322 silly gunzTarPerm extractEntry src/var/class2type.js
323 silly gunzTarPerm modified mode [ 'src/var/class2type.js', 420, 438 ]
324 silly gunzTarPerm extractEntry src/var/concat.js
325 silly gunzTarPerm modified mode [ 'src/var/concat.js', 420, 438 ]
326 silly gunzTarPerm extractEntry src/var/document.js
327 silly gunzTarPerm modified mode [ 'src/var/document.js', 420, 438 ]
328 silly gunzTarPerm extractEntry src/var/documentElement.js
329 silly gunzTarPerm modified mode [ 'src/var/documentElement.js', 420, 438 ]
330 silly gunzTarPerm extractEntry src/var/fnToString.js
331 silly gunzTarPerm modified mode [ 'src/var/fnToString.js', 420, 438 ]
332 silly gunzTarPerm extractEntry src/var/getProto.js
333 silly gunzTarPerm modified mode [ 'src/var/getProto.js', 420, 438 ]
334 silly gunzTarPerm extractEntry src/var/hasOwn.js
335 silly gunzTarPerm modified mode [ 'src/var/hasOwn.js', 420, 438 ]
336 silly gunzTarPerm extractEntry src/var/indexOf.js
337 silly gunzTarPerm modified mode [ 'src/var/indexOf.js', 420, 438 ]
338 silly gunzTarPerm extractEntry src/var/isFunction.js
339 silly gunzTarPerm modified mode [ 'src/var/isFunction.js', 420, 438 ]
340 silly gunzTarPerm extractEntry src/var/isWindow.js
341 silly gunzTarPerm modified mode [ 'src/var/isWindow.js', 420, 438 ]
342 silly gunzTarPerm extractEntry src/var/ObjectFunctionString.js
343 silly gunzTarPerm modified mode [ 'src/var/ObjectFunctionString.js', 420, 438 ]
344 silly gunzTarPerm extractEntry src/var/pnum.js
345 silly gunzTarPerm modified mode [ 'src/var/pnum.js', 420, 438 ]
346 silly gunzTarPerm extractEntry src/var/push.js
347 silly gunzTarPerm modified mode [ 'src/var/push.js', 420, 438 ]
348 silly gunzTarPerm extractEntry src/var/rcssNum.js
349 silly gunzTarPerm modified mode [ 'src/var/rcssNum.js', 420, 438 ]
350 silly gunzTarPerm extractEntry src/var/rnothtmlwhite.js
351 silly gunzTarPerm modified mode [ 'src/var/rnothtmlwhite.js', 420, 438 ]
352 silly gunzTarPerm extractEntry src/var/slice.js
353 silly gunzTarPerm modified mode [ 'src/var/slice.js', 420, 438 ]
354 silly gunzTarPerm extractEntry src/var/support.js
355 silly gunzTarPerm modified mode [ 'src/var/support.js', 420, 438 ]
356 silly gunzTarPerm extractEntry src/var/toString.js
357 silly gunzTarPerm modified mode [ 'src/var/toString.js', 420, 438 ]
358 silly gunzTarPerm extractEntry src/wrap.js
359 silly gunzTarPerm modified mode [ 'src/wrap.js', 420, 438 ]
360 silly gentlyRm C:\Users\pahlk\Dokumente\Laura\hotel-website\node_modules\.staging\jquery-600da867\node_modules is being purged
361 verbose gentlyRm don't care about contents; nuking C:\Users\pahlk\Dokumente\Laura\hotel-website\node_modules\.staging\jquery-600da867\node_modules
362 silly doParallel preinstall 1
363 silly preinstall jquery@3.3.1 C:\Users\pahlk\Dokumente\Laura\hotel-website\node_modules\.staging\jquery-600da867
364 info lifecycle jquery@3.3.1~preinstall: jquery@3.3.1
365 silly lifecycle jquery@3.3.1~preinstall: no script for preinstall, continuing
366 silly doReverseSerial remove 0
367 silly doSerial move 0
368 silly doSerial finalize 1
369 silly finalize C:\Users\pahlk\Dokumente\Laura\hotel-website\node_modules\jquery
370 verbose unlock done using C:\Users\pahlk\AppData\Roaming\npm-cache\_locks\staging-200475ed4fe39c8e.lock for C:\Users\pahlk\Dokumente\Laura\hotel-website\node_modules\.staging
371 silly rollbackFailedOptional Starting
372 silly rollbackFailedOptional Finishing
373 silly runTopLevelLifecycles Starting
374 silly runTopLevelLifecycles Finishing
375 silly install printInstalled
376 warn optional Skipping failed optional dependency /chokidar/fsevents:
377 warn notsup Not compatible with your operating system or architecture: fsevents@1.1.3
378 verbose stack Error: EPERM: operation not permitted, rename 'C:\Users\pahlk\Dokumente\Laura\hotel-website\node_modules\jquery' -> 'C:\Users\pahlk\Dokumente\Laura\hotel-website\node_modules\.jquery.DELETE'
378 verbose stack     at moveAway (C:\Program Files\nodejs\node_modules\npm\lib\install\action\finalize.js:38:5)
378 verbose stack     at destStatted (C:\Program Files\nodejs\node_modules\npm\lib\install\action\finalize.js:27:7)
378 verbose stack     at FSReqWrap.oncomplete (fs.js:123:15)
378 verbose stack
378 verbose stack Error: EPERM: operation not permitted, rename 'C:\Users\pahlk\Dokumente\Laura\hotel-website\node_modules\jquery' -> 'C:\Users\pahlk\Dokumente\Laura\hotel-website\node_modules\.jquery.DELETE'
378 verbose stack     at Error (native)
379 verbose cwd C:\Users\pahlk\Dokumente\Laura\hotel-website
380 error Windows_NT 10.0.16299
381 error argv "C:\\Program Files\\nodejs\\node.exe" "C:\\Program Files\\nodejs\\node_modules\\npm\\bin\\npm-cli.js" "install" "--save" "jquery"
382 error node v6.6.0
383 error npm  v3.10.3
384 error path C:\Users\pahlk\Dokumente\Laura\hotel-website\node_modules\jquery
385 error code EPERM
386 error errno -4048
387 error syscall rename
388 error Error: EPERM: operation not permitted, rename 'C:\Users\pahlk\Dokumente\Laura\hotel-website\node_modules\jquery' -> 'C:\Users\pahlk\Dokumente\Laura\hotel-website\node_modules\.jquery.DELETE'
388 error     at moveAway (C:\Program Files\nodejs\node_modules\npm\lib\install\action\finalize.js:38:5)
388 error     at destStatted (C:\Program Files\nodejs\node_modules\npm\lib\install\action\finalize.js:27:7)
388 error     at FSReqWrap.oncomplete (fs.js:123:15)
388 error
388 error Error: EPERM: operation not permitted, rename 'C:\Users\pahlk\Dokumente\Laura\hotel-website\node_modules\jquery' -> 'C:\Users\pahlk\Dokumente\Laura\hotel-website\node_modules\.jquery.DELETE'
388 error     at Error (native)
388 error  { Error: EPERM: operation not permitted, rename 'C:\Users\pahlk\Dokumente\Laura\hotel-website\node_modules\jquery' -> 'C:\Users\pahlk\Dokumente\Laura\hotel-website\node_modules\.jquery.DELETE'
388 error     at moveAway (C:\Program Files\nodejs\node_modules\npm\lib\install\action\finalize.js:38:5)
388 error     at destStatted (C:\Program Files\nodejs\node_modules\npm\lib\install\action\finalize.js:27:7)
388 error     at FSReqWrap.oncomplete (fs.js:123:15)
388 error
388 error Error: EPERM: operation not permitted, rename 'C:\Users\pahlk\Dokumente\Laura\hotel-website\node_modules\jquery' -> 'C:\Users\pahlk\Dokumente\Laura\hotel-website\node_modules\.jquery.DELETE'
388 error     at Error (native) parent: 'hotel-website' }
389 error Please try running this command again as root/Administrator.
390 verbose exit [ -4048, true ]
